<?xml version="1.0" encoding="UTF-8"?>
<testsuite xmlns:xsi="http://www.w3.org/2001/XMLSchema-instance" xsi:noNamespaceSchemaLocation="https://maven.apache.org/surefire/maven-surefire-plugin/xsd/surefire-test-report.xsd" name="pr3.org.AppTest" time="0.029" tests="6" errors="0" skipped="0" failures="0">
  <properties>
    <property name="java.specification.version" value="15"/>
    <property name="sun.jnu.encoding" value="UTF-8"/>
    <property name="java.class.path" value="/Users/danii/Desktop/Visual Studio/PracticaGrafo/Practica3-Viajero/target/test-classes:/Users/danii/Desktop/Visual Studio/PracticaGrafo/Practica3-Viajero/target/classes:/Users/danii/.m2/repository/junit/junit/4.11/junit-4.11.jar:/Users/danii/.m2/repository/org/hamcrest/hamcrest-core/1.3/hamcrest-core-1.3.jar:"/>
    <property name="java.vm.vendor" value="Oracle Corporation"/>
    <property name="sun.arch.data.model" value="64"/>
    <property name="java.vendor.url" value="https://openjdk.java.net/"/>
    <property name="os.name" value="Mac OS X"/>
    <property name="java.vm.specification.version" value="15"/>
    <property name="sun.java.launcher" value="SUN_STANDARD"/>
    <property name="user.country" value="ES"/>
    <property name="sun.boot.library.path" value="/usr/local/Cellar/openjdk/15.0.2/libexec/openjdk.jdk/Contents/Home/lib"/>
    <property name="sun.java.command" value="/Users/danii/Desktop/Visual Studio/PracticaGrafo/Practica3-Viajero/target/surefire/surefirebooter3321829014237663002.jar /Users/danii/Desktop/Visual Studio/PracticaGrafo/Practica3-Viajero/target/surefire 2021-05-19T20-31-43_925-jvmRun1 surefire5567753508958472790tmp surefire_02587507356785722192tmp"/>
    <property name="http.nonProxyHosts" value="local|*.local|169.254/16|*.169.254/16"/>
    <property name="jdk.debug" value="release"/>
    <property name="surefire.test.class.path" value="/Users/danii/Desktop/Visual Studio/PracticaGrafo/Practica3-Viajero/target/test-classes:/Users/danii/Desktop/Visual Studio/PracticaGrafo/Practica3-Viajero/target/classes:/Users/danii/.m2/repository/junit/junit/4.11/junit-4.11.jar:/Users/danii/.m2/repository/org/hamcrest/hamcrest-core/1.3/hamcrest-core-1.3.jar:"/>
    <property name="sun.cpu.endian" value="little"/>
    <property name="user.home" value="/Users/danii"/>
    <property name="user.language" value="es"/>
    <property name="java.specification.vendor" value="Oracle Corporation"/>
    <property name="java.version.date" value="2021-01-19"/>
    <property name="java.home" value="/usr/local/Cellar/openjdk/15.0.2/libexec/openjdk.jdk/Contents/Home"/>
    <property name="file.separator" value="/"/>
    <property name="basedir" value="/Users/danii/Desktop/Visual Studio/PracticaGrafo/Practica3-Viajero"/>
    <property name="java.vm.compressedOopsMode" value="Zero based"/>
    <property name="line.separator" value="&#10;"/>
    <property name="java.specification.name" value="Java Platform API Specification"/>
    <property name="java.vm.specification.vendor" value="Oracle Corporation"/>
    <property name="surefire.real.class.path" value="/Users/danii/Desktop/Visual Studio/PracticaGrafo/Practica3-Viajero/target/surefire/surefirebooter3321829014237663002.jar"/>
    <property name="sun.management.compiler" value="HotSpot 64-Bit Tiered Compilers"/>
    <property name="ftp.nonProxyHosts" value="local|*.local|169.254/16|*.169.254/16"/>
    <property name="java.runtime.version" value="15.0.2+7"/>
    <property name="user.name" value="danii"/>
    <property name="path.separator" value=":"/>
    <property name="os.version" value="11.3"/>
    <property name="java.runtime.name" value="OpenJDK Runtime Environment"/>
    <property name="file.encoding" value="UTF-8"/>
    <property name="java.vm.name" value="OpenJDK 64-Bit Server VM"/>
    <property name="localRepository" value="/Users/danii/.m2/repository"/>
    <property name="java.vendor.url.bug" value="https://bugreport.java.com/bugreport/"/>
    <property name="java.io.tmpdir" value="/var/folders/cv/wscp4mt137g1drlnz4zfvmp40000gn/T/"/>
    <property name="java.version" value="15.0.2"/>
    <property name="user.dir" value="/Users/danii/Desktop/Visual Studio/PracticaGrafo/Practica3-Viajero"/>
    <property name="os.arch" value="x86_64"/>
    <property name="java.vm.specification.name" value="Java Virtual Machine Specification"/>
    <property name="java.library.path" value="/Users/danii/Library/Java/Extensions:/Library/Java/Extensions:/Network/Library/Java/Extensions:/System/Library/Java/Extensions:/usr/lib/java:."/>
    <property name="java.vm.info" value="mixed mode, sharing"/>
    <property name="java.vendor" value="N/A"/>
    <property name="java.vm.version" value="15.0.2+7"/>
    <property name="sun.io.unicode.encoding" value="UnicodeBig"/>
    <property name="socksNonProxyHosts" value="local|*.local|169.254/16|*.169.254/16"/>
    <property name="java.class.version" value="59.0"/>
  </properties>
  <testcase name="shouldAnswerWithTrue" classname="pr3.org.AppTest" time="0.001"/>
  <testcase name="toStringPrueba" classname="pr3.org.AppTest" time="0"/>
  <testcase name="containsVertex" classname="pr3.org.AppTest" time="0.001"/>
  <testcase name="añadirVertice" classname="pr3.org.AppTest" time="0"/>
  <testcase name="obtainAdjacents" classname="pr3.org.AppTest" time="0"/>
  <testcase name="añadirarista" classname="pr3.org.AppTest" time="0"/>
</testsuite>